Added Component: Designator=C1(C 0805)
Add component. Clean all parameters for all variants
Add component (AddParameter): Name = "BOM名称"; Value = "无极性贴片电容"; VariantName = "[No Variations]"
Add component (AddParameter): Name = "学习资源"; Value = "www.ooocke.com"; VariantName = "[No Variations]"
Add component (AddParameter): Name = "版权归属"; Value = "源创客"; VariantName = "[No Variations]"
Added Component: Designator=C2(C 0805)
Add component. Clean all parameters for all variants
Add component (AddParameter): Name = "BOM名称"; Value = "无极性贴片电容"; VariantName = "[No Variations]"
Add component (AddParameter): Name = "学习资源"; Value = "www.ooocke.com"; VariantName = "[No Variations]"
Add component (AddParameter): Name = "版权归属"; Value = "源创客"; VariantName = "[No Variations]"
Added Component: Designator=C3(C 0805)
Add component. Clean all parameters for all variants
Add component (AddParameter): Name = "BOM名称"; Value = "无极性贴片电容"; VariantName = "[No Variations]"
Add component (AddParameter): Name = "学习资源"; Value = "www.ooocke.com"; VariantName = "[No Variations]"
Add component (AddParameter): Name = "版权归属"; Value = "源创客"; VariantName = "[No Variations]"
Added Component: Designator=C4(C 0805)
Add component. Clean all parameters for all variants
Add component (AddParameter): Name = "BOM名称"; Value = "无极性贴片电容"; VariantName = "[No Variations]"
Add component (AddParameter): Name = "学习资源"; Value = "www.ooocke.com"; VariantName = "[No Variations]"
Add component (AddParameter): Name = "版权归属"; Value = "源创客"; VariantName = "[No Variations]"
Added Component: Designator=C5(C 0805)
Add component. Clean all parameters for all variants
Add component (AddParameter): Name = "BOM名称"; Value = "无极性贴片电容"; VariantName = "[No Variations]"
Add component (AddParameter): Name = "学习资源"; Value = "www.ooocke.com"; VariantName = "[No Variations]"
Add component (AddParameter): Name = "版权归属"; Value = "源创客"; VariantName = "[No Variations]"
Added Component: Designator=C6(C 0805)
Add component. Clean all parameters for all variants
Add component (AddParameter): Name = "BOM名称"; Value = "无极性贴片电容"; VariantName = "[No Variations]"
Add component (AddParameter): Name = "学习资源"; Value = "www.ooocke.com"; VariantName = "[No Variations]"
Add component (AddParameter): Name = "版权归属"; Value = "源创客"; VariantName = "[No Variations]"
Added Component: Designator=C7(C 0805)
Add component. Clean all parameters for all variants
Add component (AddParameter): Name = "BOM名称"; Value = "无极性贴片电容"; VariantName = "[No Variations]"
Add component (AddParameter): Name = "学习资源"; Value = "www.ooocke.com"; VariantName = "[No Variations]"
Add component (AddParameter): Name = "版权归属"; Value = "源创客"; VariantName = "[No Variations]"
Added Component: Designator=C8(C 0805)
Add component. Clean all parameters for all variants
Add component (AddParameter): Name = "BOM名称"; Value = "无极性贴片电容"; VariantName = "[No Variations]"
Add component (AddParameter): Name = "学习资源"; Value = "www.ooocke.com"; VariantName = "[No Variations]"
Add component (AddParameter): Name = "版权归属"; Value = "源创客"; VariantName = "[No Variations]"
Added Component: Designator=C9(C 0805)
Add component. Clean all parameters for all variants
Add component (AddParameter): Name = "BOM名称"; Value = "无极性贴片电容"; VariantName = "[No Variations]"
Add component (AddParameter): Name = "学习资源"; Value = "www.ooocke.com"; VariantName = "[No Variations]"
Add component (AddParameter): Name = "版权归属"; Value = "源创客"; VariantName = "[No Variations]"
Added Component: Designator=C10(C 0805)
Add component. Clean all parameters for all variants
Add component (AddParameter): Name = "BOM名称"; Value = "无极性贴片电容"; VariantName = "[No Variations]"
Add component (AddParameter): Name = "学习资源"; Value = "www.ooocke.com"; VariantName = "[No Variations]"
Add component (AddParameter): Name = "版权归属"; Value = "源创客"; VariantName = "[No Variations]"
Added Component: Designator=C11(C 0805)
Add component. Clean all parameters for all variants
Add component (AddParameter): Name = "BOM名称"; Value = "无极性贴片电容"; VariantName = "[No Variations]"
Add component (AddParameter): Name = "学习资源"; Value = "www.ooocke.com"; VariantName = "[No Variations]"
Add component (AddParameter): Name = "版权归属"; Value = "源创客"; VariantName = "[No Variations]"
Added Component: Designator=C12(C 0805)
Add component. Clean all parameters for all variants
Add component (AddParameter): Name = "BOM名称"; Value = "无极性贴片电容"; VariantName = "[No Variations]"
Add component (AddParameter): Name = "学习资源"; Value = "www.ooocke.com"; VariantName = "[No Variations]"
Add component (AddParameter): Name = "版权归属"; Value = "源创客"; VariantName = "[No Variations]"
Added Component: Designator=C13(C 0805)
Add component. Clean all parameters for all variants
Add component (AddParameter): Name = "BOM名称"; Value = "无极性贴片电容"; VariantName = "[No Variations]"
Add component (AddParameter): Name = "学习资源"; Value = "www.ooocke.com"; VariantName = "[No Variations]"
Add component (AddParameter): Name = "版权归属"; Value = "源创客"; VariantName = "[No Variations]"
Added Component: Designator=C14(C 0805)
Add component. Clean all parameters for all variants
Add component (AddParameter): Name = "BOM名称"; Value = "无极性贴片电容"; VariantName = "[No Variations]"
Add component (AddParameter): Name = "学习资源"; Value = "www.ooocke.com"; VariantName = "[No Variations]"
Add component (AddParameter): Name = "版权归属"; Value = "源创客"; VariantName = "[No Variations]"
Added Component: Designator=C15(C 0805)
Add component. Clean all parameters for all variants
Add component (AddParameter): Name = "BOM名称"; Value = "无极性贴片电容"; VariantName = "[No Variations]"
Add component (AddParameter): Name = "学习资源"; Value = "www.ooocke.com"; VariantName = "[No Variations]"
Add component (AddParameter): Name = "版权归属"; Value = "源创客"; VariantName = "[No Variations]"
Added Component: Designator=C16(C 0805)
Add component. Clean all parameters for all variants
Add component (AddParameter): Name = "BOM名称"; Value = "无极性贴片电容"; VariantName = "[No Variations]"
Add component (AddParameter): Name = "学习资源"; Value = "www.ooocke.com"; VariantName = "[No Variations]"
Add component (AddParameter): Name = "版权归属"; Value = "源创客"; VariantName = "[No Variations]"
Added Component: Designator=CR2032(CR2032 电池座)
Add component. Clean all parameters for all variants
Added Component: Designator=D1(0805D)
Add component. Clean all parameters for all variants
Added Component: Designator=H1(SEAT8)
Add component. Clean all parameters for all variants
Added Component: Designator=K1(按键)
Add component. Clean all parameters for all variants
Added Component: Designator=K2(按键)
Add component. Clean all parameters for all variants
Added Component: Designator=K3(按键)
Add component. Clean all parameters for all variants
Added Component: Designator=K4(按键)
Add component. Clean all parameters for all variants
Added Component: Designator=K5(按键)
Add component. Clean all parameters for all variants
Added Component: Designator=K6(按键)
Add component. Clean all parameters for all variants
Added Component: Designator=LED1(0805D)
Add component. Clean all parameters for all variants
Add component (AddParameter): Name = "LatestRevisionDate"; Value = "08-Jul-2005"; VariantName = "[No Variations]"
Add component (AddParameter): Name = "LatestRevisionNote"; Value = "Mech Layer 1 removed."; VariantName = "[No Variations]"
Add component (AddParameter): Name = "PackageDescription"; Value = "LED; 2 Leads"; VariantName = "[No Variations]"
Add component (AddParameter): Name = "PackageReference"; Value = "LED-0"; VariantName = "[No Variations]"
Add component (AddParameter): Name = "Published"; Value = "8-Jun-2000"; VariantName = "[No Variations]"
Add component (AddParameter): Name = "Publisher"; Value = "Altium Limited"; VariantName = "[No Variations]"
Added Component: Designator=LED2(0805D)
Add component. Clean all parameters for all variants
Add component (AddParameter): Name = "LatestRevisionDate"; Value = "08-Jul-2005"; VariantName = "[No Variations]"
Add component (AddParameter): Name = "LatestRevisionNote"; Value = "Mech Layer 1 removed."; VariantName = "[No Variations]"
Add component (AddParameter): Name = "PackageDescription"; Value = "LED; 2 Leads"; VariantName = "[No Variations]"
Add component (AddParameter): Name = "PackageReference"; Value = "LED-0"; VariantName = "[No Variations]"
Add component (AddParameter): Name = "Published"; Value = "8-Jun-2000"; VariantName = "[No Variations]"
Add component (AddParameter): Name = "Publisher"; Value = "Altium Limited"; VariantName = "[No Variations]"
Added Component: Designator=P1(HDR1X4)
Add component. Clean all parameters for all variants
Add component (AddParameter): Name = "LatestRevisionDate"; Value = "17-Jul-2002"; VariantName = "[No Variations]"
Add component (AddParameter): Name = "LatestRevisionNote"; Value = "Re-released for DXP Platform."; VariantName = "[No Variations]"
Add component (AddParameter): Name = "Publisher"; Value = "Altium Limited"; VariantName = "[No Variations]"
Added Component: Designator=P2(HDR2X3)
Add component. Clean all parameters for all variants
Add component (AddParameter): Name = "LatestRevisionDate"; Value = "17-Jul-2002"; VariantName = "[No Variations]"
Add component (AddParameter): Name = "LatestRevisionNote"; Value = "Re-released for DXP Platform."; VariantName = "[No Variations]"
Add component (AddParameter): Name = "Publisher"; Value = "Altium Limited"; VariantName = "[No Variations]"
Added Component: Designator=P3(HDR1X4)
Add component. Clean all parameters for all variants
Add component (AddParameter): Name = "LatestRevisionDate"; Value = "17-Jul-2002"; VariantName = "[No Variations]"
Add component (AddParameter): Name = "LatestRevisionNote"; Value = "Re-released for DXP Platform."; VariantName = "[No Variations]"
Add component (AddParameter): Name = "Publisher"; Value = "Altium Limited"; VariantName = "[No Variations]"
Added Component: Designator=R1(R 0805)
Add component. Clean all parameters for all variants
Add component (AddParameter): Name = "BOM名称"; Value = "贴片电阻"; VariantName = "[No Variations]"
Add component (AddParameter): Name = "学习资源"; Value = "www.ooocke.com"; VariantName = "[No Variations]"
Add component (AddParameter): Name = "版权归属"; Value = "源创客"; VariantName = "[No Variations]"
Added Component: Designator=R2(R 0805)
Add component. Clean all parameters for all variants
Add component (AddParameter): Name = "BOM名称"; Value = "贴片电阻"; VariantName = "[No Variations]"
Add component (AddParameter): Name = "学习资源"; Value = "www.ooocke.com"; VariantName = "[No Variations]"
Add component (AddParameter): Name = "版权归属"; Value = "源创客"; VariantName = "[No Variations]"
Added Component: Designator=R3(R 0805)
Add component. Clean all parameters for all variants
Add component (AddParameter): Name = "BOM名称"; Value = "贴片电阻"; VariantName = "[No Variations]"
Add component (AddParameter): Name = "学习资源"; Value = "www.ooocke.com"; VariantName = "[No Variations]"
Add component (AddParameter): Name = "版权归属"; Value = "源创客"; VariantName = "[No Variations]"
Added Component: Designator=R4(R 0805)
Add component. Clean all parameters for all variants
Add component (AddParameter): Name = "BOM名称"; Value = "贴片电阻"; VariantName = "[No Variations]"
Add component (AddParameter): Name = "学习资源"; Value = "www.ooocke.com"; VariantName = "[No Variations]"
Add component (AddParameter): Name = "版权归属"; Value = "源创客"; VariantName = "[No Variations]"
Added Component: Designator=R5(R 0805)
Add component. Clean all parameters for all variants
Add component (AddParameter): Name = "BOM名称"; Value = "贴片电阻"; VariantName = "[No Variations]"
Add component (AddParameter): Name = "学习资源"; Value = "www.ooocke.com"; VariantName = "[No Variations]"
Add component (AddParameter): Name = "版权归属"; Value = "源创客"; VariantName = "[No Variations]"
Added Component: Designator=R7(R 0805)
Add component. Clean all parameters for all variants
Add component (AddParameter): Name = "BOM名称"; Value = "贴片电阻"; VariantName = "[No Variations]"
Add component (AddParameter): Name = "学习资源"; Value = "www.ooocke.com"; VariantName = "[No Variations]"
Add component (AddParameter): Name = "版权归属"; Value = "源创客"; VariantName = "[No Variations]"
Added Component: Designator=R8(R 0805)
Add component. Clean all parameters for all variants
Add component (AddParameter): Name = "BOM名称"; Value = "贴片电阻"; VariantName = "[No Variations]"
Add component (AddParameter): Name = "学习资源"; Value = "www.ooocke.com"; VariantName = "[No Variations]"
Add component (AddParameter): Name = "版权归属"; Value = "源创客"; VariantName = "[No Variations]"
Added Component: Designator=R9(R 0805)
Add component. Clean all parameters for all variants
Add component (AddParameter): Name = "BOM名称"; Value = "贴片电阻"; VariantName = "[No Variations]"
Add component (AddParameter): Name = "学习资源"; Value = "www.ooocke.com"; VariantName = "[No Variations]"
Add component (AddParameter): Name = "版权归属"; Value = "源创客"; VariantName = "[No Variations]"
Added Component: Designator=R10(R 0805)
Add component. Clean all parameters for all variants
Add component (AddParameter): Name = "BOM名称"; Value = "贴片电阻"; VariantName = "[No Variations]"
Add component (AddParameter): Name = "学习资源"; Value = "www.ooocke.com"; VariantName = "[No Variations]"
Add component (AddParameter): Name = "版权归属"; Value = "源创客"; VariantName = "[No Variations]"
Added Component: Designator=R11(R 0805)
Add component. Clean all parameters for all variants
Add component (AddParameter): Name = "BOM名称"; Value = "贴片电阻"; VariantName = "[No Variations]"
Add component (AddParameter): Name = "学习资源"; Value = "www.ooocke.com"; VariantName = "[No Variations]"
Add component (AddParameter): Name = "版权归属"; Value = "源创客"; VariantName = "[No Variations]"
Added Component: Designator=R12(R 0805)
Add component. Clean all parameters for all variants
Add component (AddParameter): Name = "BOM名称"; Value = "贴片电阻"; VariantName = "[No Variations]"
Add component (AddParameter): Name = "学习资源"; Value = "www.ooocke.com"; VariantName = "[No Variations]"
Add component (AddParameter): Name = "版权归属"; Value = "源创客"; VariantName = "[No Variations]"
Added Component: Designator=U1(LQFP48 7X7_M)
Add component. Clean all parameters for all variants
Add component (AddParameter): Name = "BOM名称"; Value = "32位STM单片机"; VariantName = "[No Variations]"
Add component (AddParameter): Name = "学习资源"; Value = "www.ooocke.com"; VariantName = "[No Variations]"
Add component (AddParameter): Name = "版权归属"; Value = "源创客"; VariantName = "[No Variations]"
Added Component: Designator=U2(SOT-223)
Add component. Clean all parameters for all variants
Added Component: Designator=U3(SOL-16)
Add component. Clean all parameters for all variants
Added Component: Designator=U4(ESP-12F)
Add component. Clean all parameters for all variants
Added Component: Designator=U5(SOT-223)
Add component. Clean all parameters for all variants
Added Component: Designator=Y1(XTAL1)
Add component. Clean all parameters for all variants
Add component (AddParameter): Name = "LatestRevisionDate"; Value = "17-Jul-2002"; VariantName = "[No Variations]"
Add component (AddParameter): Name = "LatestRevisionNote"; Value = "Re-released for DXP Platform."; VariantName = "[No Variations]"
Add component (AddParameter): Name = "PackageDescription"; Value = "Crystal, Thru-Hole; 2 Leads; Body 3.1 x 8.2 mm (Dia.xH)"; VariantName = "[No Variations]"
Add component (AddParameter): Name = "PackageReference"; Value = "R38"; VariantName = "[No Variations]"
Add component (AddParameter): Name = "Published"; Value = "8-Jun-2000"; VariantName = "[No Variations]"
Add component (AddParameter): Name = "Publisher"; Value = "Altium Limited"; VariantName = "[No Variations]"
Added Pin To Net: NetName=+3.3V Pin=C1-1
Added Pin To Net: NetName=+24V Pin=C1-2
Added Pin To Net: NetName=GND Pin=C2-1
Added Pin To Net: NetName=+3.3V Pin=C2-2
Added Pin To Net: NetName=+24V Pin=C3-1
Added Pin To Net: NetName=+3.3V Pin=C3-2
Added Pin To Net: NetName=+3.3V Pin=C4-1
Added Pin To Net: NetName=GND Pin=C4-2
Added Pin To Net: NetName=GND Pin=C5-1
Added Pin To Net: NetName=NRST Pin=C5-2
Added Pin To Net: NetName=OSCIN Pin=C6-1
Added Pin To Net: NetName=GND Pin=C6-2
Added Pin To Net: NetName=OSCOUT Pin=C7-1
Added Pin To Net: NetName=GND Pin=C7-2
Added Pin To Net: NetName=GND Pin=C8-1
Added Pin To Net: NetName=+3.3V Pin=C8-2
Added Pin To Net: NetName=+3.3V Pin=C9-1
Added Pin To Net: NetName=GND Pin=C9-2
Added Pin To Net: NetName=+3.3V Pin=C10-1
Added Pin To Net: NetName=GND Pin=C10-2
Added Pin To Net: NetName=+3.3V Pin=C11-1
Added Pin To Net: NetName=GND Pin=C11-2
Added Pin To Net: NetName=+3.3V Pin=C12-1
Added Pin To Net: NetName=GND Pin=C12-2
Added Pin To Net: NetName=ESP3.3 Pin=C13-1
Added Pin To Net: NetName=+24V Pin=C13-2
Added Pin To Net: NetName=GND Pin=C14-1
Added Pin To Net: NetName=ESP3.3 Pin=C14-2
Added Pin To Net: NetName=+24V Pin=C15-1
Added Pin To Net: NetName=ESP3.3 Pin=C15-2
Added Pin To Net: NetName=ESP3.3 Pin=C16-1
Added Pin To Net: NetName=GND Pin=C16-2
Added Pin To Net: NetName=NetCR2032_1 Pin=CR2032-1
Added Pin To Net: NetName=GND Pin=CR2032-2
Added Pin To Net: NetName=NetD1_1 Pin=D1-1
Added Pin To Net: NetName=NetCR2032_1 Pin=D1-2
Added Pin To Net: NetName=+24V Pin=H1-1
Added Pin To Net: NetName=+24V Pin=H1-1
Added Pin To Net: NetName=DAT Pin=H1-2
Added Pin To Net: NetName=DAT Pin=H1-2
Added Pin To Net: NetName=CLK Pin=H1-3
Added Pin To Net: NetName=CLK Pin=H1-3
Added Pin To Net: NetName=RCK Pin=H1-4
Added Pin To Net: NetName=RCK Pin=H1-4
Added Pin To Net: NetName=GND Pin=H1-5
Added Pin To Net: NetName=GND Pin=H1-5
Added Pin To Net: NetName=F- Pin=H1-6
Added Pin To Net: NetName=F- Pin=H1-6
Added Pin To Net: NetName=F+ Pin=H1-7
Added Pin To Net: NetName=F+ Pin=H1-7
Added Pin To Net: NetName=F- Pin=H1-8
Added Pin To Net: NetName=F- Pin=H1-8
Added Pin To Net: NetName=GND Pin=K1-1
Added Pin To Net: NetName=NRST Pin=K1-2
Added Pin To Net: NetName=GND Pin=K2-1
Added Pin To Net: NetName=Key1 Pin=K2-2
Added Pin To Net: NetName=GND Pin=K3-1
Added Pin To Net: NetName=Key2 Pin=K3-2
Added Pin To Net: NetName=GND Pin=K4-1
Added Pin To Net: NetName=Key3 Pin=K4-2
Added Pin To Net: NetName=GND Pin=K5-1
Added Pin To Net: NetName=Key4 Pin=K5-2
Added Pin To Net: NetName=GND Pin=K6-1
Added Pin To Net: NetName=Key5 Pin=K6-2
Added Pin To Net: NetName=NetLED1_1 Pin=LED1-1
Added Pin To Net: NetName=GND Pin=LED1-2
Added Pin To Net: NetName=NetLED2_1 Pin=LED2-1
Added Pin To Net: NetName=LED1 Pin=LED2-2
Added Pin To Net: NetName=GND Pin=P1-1
Added Pin To Net: NetName=SWDCLK Pin=P1-2
Added Pin To Net: NetName=SWDIO Pin=P1-3
Added Pin To Net: NetName=+3.3V Pin=P1-4
Added Pin To Net: NetName=+3.3V Pin=P2-1
Added Pin To Net: NetName=+3.3V Pin=P2-2
Added Pin To Net: NetName=NetP2_3 Pin=P2-3
Added Pin To Net: NetName=NetP2_4 Pin=P2-4
Added Pin To Net: NetName=GND Pin=P2-5
Added Pin To Net: NetName=GND Pin=P2-6
Added Pin To Net: NetName=GND Pin=P3-1
Added Pin To Net: NetName=+3.3V Pin=P3-2
Added Pin To Net: NetName=OLED_SCL Pin=P3-3
Added Pin To Net: NetName=OLED_SDA Pin=P3-4
Added Pin To Net: NetName=+3.3V Pin=R1-1
Added Pin To Net: NetName=NetLED1_1 Pin=R1-2
Added Pin To Net: NetName=+3.3V Pin=R2-1
Added Pin To Net: NetName=NetLED2_1 Pin=R2-2
Added Pin To Net: NetName=BOOT0 Pin=R3-1
Added Pin To Net: NetName=NetP2_3 Pin=R3-2
Added Pin To Net: NetName=NetP2_4 Pin=R4-1
Added Pin To Net: NetName=BOOT1 Pin=R4-2
Added Pin To Net: NetName=NRST Pin=R5-1
Added Pin To Net: NetName=+3.3V Pin=R5-2
Added Pin To Net: NetName=DS3231_SCL Pin=R7-1
Added Pin To Net: NetName=+3.3V Pin=R7-2
Added Pin To Net: NetName=DS3231_SDA Pin=R8-1
Added Pin To Net: NetName=+3.3V Pin=R8-2
Added Pin To Net: NetName=+3.3V Pin=R9-1
Added Pin To Net: NetName=NetD1_1 Pin=R9-2
Added Pin To Net: NetName=ESP3.3 Pin=R10-1
Added Pin To Net: NetName=NetR10_2 Pin=R10-2
Added Pin To Net: NetName=NetR11_1 Pin=R11-1
Added Pin To Net: NetName=ESP3.3 Pin=R11-2
Added Pin To Net: NetName=GND Pin=R12-1
Added Pin To Net: NetName=NetR12_2 Pin=R12-2
Added Pin To Net: NetName=LED1 Pin=U1-2
Added Pin To Net: NetName=PC14 Pin=U1-3
Added Pin To Net: NetName=PC15 Pin=U1-4
Added Pin To Net: NetName=OSCIN Pin=U1-5
Added Pin To Net: NetName=OSCOUT Pin=U1-6
Added Pin To Net: NetName=NRST Pin=U1-7
Added Pin To Net: NetName=GND Pin=U1-8
Added Pin To Net: NetName=+3.3V Pin=U1-9
Added Pin To Net: NetName=PA0 Pin=U1-10
Added Pin To Net: NetName=PA1 Pin=U1-11
Added Pin To Net: NetName=ESPRX Pin=U1-12
Added Pin To Net: NetName=ESPTX Pin=U1-13
Added Pin To Net: NetName=PA4 Pin=U1-14
Added Pin To Net: NetName=PA5 Pin=U1-15
Added Pin To Net: NetName=PA6 Pin=U1-16
Added Pin To Net: NetName=PA7 Pin=U1-17
Added Pin To Net: NetName=PB0 Pin=U1-18
Added Pin To Net: NetName=PB1 Pin=U1-19
Added Pin To Net: NetName=BOOT1 Pin=U1-20
Added Pin To Net: NetName=PB10 Pin=U1-21
Added Pin To Net: NetName=Key1 Pin=U1-22
Added Pin To Net: NetName=GND Pin=U1-23
Added Pin To Net: NetName=+3.3V Pin=U1-24
Added Pin To Net: NetName=Key2 Pin=U1-25
Added Pin To Net: NetName=DAT Pin=U1-26
Added Pin To Net: NetName=CLK Pin=U1-27
Added Pin To Net: NetName=RCK Pin=U1-28
Added Pin To Net: NetName=PA8 Pin=U1-29
Added Pin To Net: NetName=PA9 Pin=U1-30
Added Pin To Net: NetName=PA10 Pin=U1-31
Added Pin To Net: NetName=PA11 Pin=U1-32
Added Pin To Net: NetName=PA12 Pin=U1-33
Added Pin To Net: NetName=SWDIO Pin=U1-34
Added Pin To Net: NetName=GND Pin=U1-35
Added Pin To Net: NetName=+3.3V Pin=U1-36
Added Pin To Net: NetName=SWDCLK Pin=U1-37
Added Pin To Net: NetName=PA15 Pin=U1-38
Added Pin To Net: NetName=PB3 Pin=U1-39
Added Pin To Net: NetName=PB4 Pin=U1-40
Added Pin To Net: NetName=PB5 Pin=U1-41
Added Pin To Net: NetName=DS3231_SCL Pin=U1-42
Added Pin To Net: NetName=DS3231_SDA Pin=U1-43
Added Pin To Net: NetName=BOOT0 Pin=U1-44
Added Pin To Net: NetName=OLED_SCL Pin=U1-45
Added Pin To Net: NetName=OLED_SDA Pin=U1-46
Added Pin To Net: NetName=GND Pin=U1-47
Added Pin To Net: NetName=+3.3V Pin=U1-48
Added Pin To Net: NetName=GND Pin=U2-1
Added Pin To Net: NetName=+3.3V Pin=U2-2
Added Pin To Net: NetName=+3.3V Pin=U2-2
Added Pin To Net: NetName=+24V Pin=U2-3
Added Pin To Net: NetName=+3.3V Pin=U3-2
Added Pin To Net: NetName=GND Pin=U3-5
Added Pin To Net: NetName=GND Pin=U3-6
Added Pin To Net: NetName=GND Pin=U3-7
Added Pin To Net: NetName=GND Pin=U3-8
Added Pin To Net: NetName=GND Pin=U3-9
Added Pin To Net: NetName=GND Pin=U3-10
Added Pin To Net: NetName=GND Pin=U3-11
Added Pin To Net: NetName=GND Pin=U3-12
Added Pin To Net: NetName=GND Pin=U3-13
Added Pin To Net: NetName=NetCR2032_1 Pin=U3-14
Added Pin To Net: NetName=DS3231_SDA Pin=U3-15
Added Pin To Net: NetName=DS3231_SCL Pin=U3-16
Added Pin To Net: NetName=ESP3.3 Pin=U4-1
Added Pin To Net: NetName=NetR10_2 Pin=U4-3
Added Pin To Net: NetName=ESP3.3 Pin=U4-8
Added Pin To Net: NetName=GND Pin=U4-15
Added Pin To Net: NetName=NetR12_2 Pin=U4-16
Added Pin To Net: NetName=NetR11_1 Pin=U4-17
Added Pin To Net: NetName=ESPRX Pin=U4-21
Added Pin To Net: NetName=ESPTX Pin=U4-22
Added Pin To Net: NetName=GND Pin=U5-1
Added Pin To Net: NetName=ESP3.3 Pin=U5-2
Added Pin To Net: NetName=ESP3.3 Pin=U5-2
Added Pin To Net: NetName=+24V Pin=U5-3
Added Pin To Net: NetName=OSCOUT Pin=Y1-1
Added Pin To Net: NetName=OSCIN Pin=Y1-2
Added Member To Class: ClassName=VFDControl Member=Component C1 104
Added Member To Class: ClassName=VFDControl Member=Component C2 104
Added Member To Class: ClassName=VFDControl Member=Component C3 105
Added Member To Class: ClassName=VFDControl Member=Component C4 105
Added Member To Class: ClassName=VFDControl Member=Component C5 104
Added Member To Class: ClassName=VFDControl Member=Component C6 22pF
Added Member To Class: ClassName=VFDControl Member=Component C7 22pF
Added Member To Class: ClassName=VFDControl Member=Component C8 104
Added Member To Class: ClassName=VFDControl Member=Component C9 104
Added Member To Class: ClassName=VFDControl Member=Component C10 104
Added Member To Class: ClassName=VFDControl Member=Component C11 104
Added Member To Class: ClassName=VFDControl Member=Component C12 104
Added Member To Class: ClassName=VFDControl Member=Component C13 104
Added Member To Class: ClassName=VFDControl Member=Component C14 104
Added Member To Class: ClassName=VFDControl Member=Component C15 105
Added Member To Class: ClassName=VFDControl Member=Component C16 105
Added Member To Class: ClassName=VFDControl Member=Component CR2032 电池座
Added Member To Class: ClassName=VFDControl Member=Component D1 IN4148
Added Member To Class: ClassName=VFDControl Member=Component H1 Seat
Added Member To Class: ClassName=VFDControl Member=Component K1 按键
Added Member To Class: ClassName=VFDControl Member=Component K2 按键
Added Member To Class: ClassName=VFDControl Member=Component K3 按键
Added Member To Class: ClassName=VFDControl Member=Component K4 按键
Added Member To Class: ClassName=VFDControl Member=Component K5 按键
Added Member To Class: ClassName=VFDControl Member=Component K6 按键
Added Member To Class: ClassName=VFDControl Member=Component LED1 LED
Added Member To Class: ClassName=VFDControl Member=Component LED2 LED
Added Member To Class: ClassName=VFDControl Member=Component P1 SWD
Added Member To Class: ClassName=VFDControl Member=Component P2 Header 3X2
Added Member To Class: ClassName=VFDControl Member=Component P3 OLED
Added Member To Class: ClassName=VFDControl Member=Component R1 1K
Added Member To Class: ClassName=VFDControl Member=Component R2 1K
Added Member To Class: ClassName=VFDControl Member=Component R3 100K
Added Member To Class: ClassName=VFDControl Member=Component R4 100K
Added Member To Class: ClassName=VFDControl Member=Component R5 1K
Added Member To Class: ClassName=VFDControl Member=Component R7 1K
Added Member To Class: ClassName=VFDControl Member=Component R8 1K
Added Member To Class: ClassName=VFDControl Member=Component R9 1K
Added Member To Class: ClassName=VFDControl Member=Component R10 10K
Added Member To Class: ClassName=VFDControl Member=Component R11 10K
Added Member To Class: ClassName=VFDControl Member=Component R12 10K
Added Member To Class: ClassName=VFDControl Member=Component U1 STM32F103C8T6
Added Member To Class: ClassName=VFDControl Member=Component U2 LM1117
Added Member To Class: ClassName=VFDControl Member=Component U3 DS3231
Added Member To Class: ClassName=VFDControl Member=Component U4 ESP-12F
Added Member To Class: ClassName=VFDControl Member=Component U5 LM1117
Added Member To Class: ClassName=VFDControl Member=Component Y1 XTAL
Added Room: Name=VFDControl
